<?xml version="1.0" encoding="UTF-8"?>
<!-- Generated by org.testng.reporters.JUnitReportReporter -->
<testsuite skipped="0" hostname="MESFINKASSAADMASSIE" name="NewTest_kaldisTest" tests="5" failures="0" timestamp="16 Jun 2019 18:12:17 GMT" time="13.217" errors="0">
  <testcase name="f" time="2.594" classname="NewTest_kaldisTest"/>
  <testcase name="f" time="2.570" classname="NewTest_kaldisTest"/>
  <testcase name="f" time="2.617" classname="NewTest_kaldisTest"/>
  <testcase name="f" time="2.731" classname="NewTest_kaldisTest"/>
  <testcase name="f" time="2.705" classname="NewTest_kaldisTest"/>
</testsuite> <!-- NewTest_kaldisTest -->
