<?xml version="1.0" encoding="UTF-8"?>
<!-- Generated by org.testng.reporters.JUnitReportReporter -->
<testsuite skipped="0" hostname="MESFINKASSAADMASSIE" name="ToolsQA.MavenEclipseProject.AppTest" tests="1" failures="0" timestamp="16 Jun 2019 18:12:17 GMT" time="0.001" errors="0">
  <testcase name="testing" time="0.001" classname="ToolsQA.MavenEclipseProject.AppTest"/>
</testsuite> <!-- ToolsQA.MavenEclipseProject.AppTest -->
